2025-05-07 12:12:16 [Information] - Application started
2025-05-07 12:12:43 [Information] - Added task: Test (Work, Low)
2025-05-07 12:13:01 [Information] - Tasks sorted by name
2025-05-07 12:13:21 [Information] - Added task: Animal (Personal, High)
2025-05-07 12:13:29 [Information] - Tasks sorted by name
2025-05-07 12:13:30 [Information] - Tasks sorted by name
2025-05-07 12:13:31 [Information] - Tasks sorted by priority
2025-05-07 12:13:32 [Information] - Tasks sorted by priority
2025-05-07 12:13:32 [Information] - Tasks sorted by name
2025-05-07 12:13:33 [Information] - Tasks sorted by priority
2025-05-07 12:13:33 [Information] - Tasks sorted by name
2025-05-07 12:13:34 [Information] - Tasks sorted by priority
2025-05-07 12:13:38 [Information] - Found 1 tasks matching 'a'
2025-05-07 12:13:41 [Information] - Search cleared, showing all tasks
2025-05-07 12:13:48 [Information] - Serializing 2 tasks
2025-05-07 12:13:48 [Information] - JSON contains type info: True
2025-05-07 12:13:48 [Information] - Tasks saved to: C:\Users\drews\Documents\tasks.json
2025-05-07 12:13:48 [Information] - Tasks saved to: C:\Users\drews\Documents\tasks.json
2025-05-07 12:15:24 [Information] - Application started
2025-05-07 12:15:26 [Information] - Loading JSON: {
  "$type": "System.Collections.Generic.List`1[[StudyHelper.Models.Tasks.Task, StudyHelper]], System.Private.CoreLib",
  "$values": [
    {
      "$type": "StudyHelper.Models.Tasks.PersonalTask, StudyHelper",
      "Type": "Personal",
      "Title": "Animal",
      "Priority": "High"
    },
    {
      "$type": "StudyHelper.Models.Tasks.WorkTask, StudyHelper",
      "Type": "Work",
      "Title": "Test",
      "Priority": "Low"
    }
  ]
}
2025-05-07 12:15:26 [Information] - Successfully loaded 2 tasks from file
2025-05-07 12:16:09 [Information] - Started Work timer
2025-05-07 12:17:00 [Information] - Flashcards loaded from file
2025-05-07 12:17:01 [Information] - Selected deck: GardenHerbs
2025-05-07 12:18:08 [Information] - Application started
2025-05-07 12:19:27 [Information] - Timer reset
2025-05-07 12:19:31 [Information] - Application started
2025-05-07 12:19:59 [Information] - Application started
2025-05-07 12:21:01 [Information] - Application started
2025-05-07 12:27:45 [Information] - Added task: Test (Work, Medium)
2025-05-07 12:27:50 [Information] - Added task: vv (Personal, Low)
2025-05-07 12:27:58 [Information] - Added task: bb (Work, High)
2025-05-07 12:28:05 [Information] - Added task: elephant (Personal, Medium)
2025-05-07 12:28:28 [Information] - Tasks sorted by name
2025-05-07 12:28:30 [Information] - Tasks sorted by priority
2025-05-07 12:28:34 [Information] - Tasks sorted by priority
2025-05-07 12:28:40 [Information] - Serializing 4 tasks
2025-05-07 12:28:40 [Information] - JSON contains type info: True
2025-05-07 12:28:40 [Information] - Tasks saved to: C:\Users\drews\Documents\tasks.json
2025-05-07 12:28:40 [Information] - Tasks saved to: C:\Users\drews\Documents\tasks.json
2025-05-07 12:28:48 [Information] - Application started
2025-05-07 12:28:49 [Information] - Loading JSON: {
  "$type": "System.Collections.Generic.List`1[[StudyHelper.Models.Tasks.Task, StudyHelper]], System.Private.CoreLib",
  "$values": [
    {
      "$type": "StudyHelper.Models.Tasks.WorkTask, StudyHelper",
      "Type": "Work",
      "Title": "bb",
      "Priority": "High"
    },
    {
      "$type": "StudyHelper.Models.Tasks.PersonalTask, StudyHelper",
      "Type": "Personal",
      "Title": "elephant",
      "Priority": "Medium"
    },
    {
      "$type": "StudyHelper.Models.Tasks.WorkTask, StudyHelper",
      "Type": "Work",
      "Title": "Test",
      "Priority": "Medium"
    },
    {
      "$type": "StudyHelper.Models.Tasks.PersonalTask, StudyHelper",
      "Type": "Personal",
      "Title": "vv",
      "Priority": "Low"
    }
  ]
}
2025-05-07 12:28:49 [Information] - Successfully loaded 4 tasks from file
2025-05-07 12:28:52 [Information] - Tasks sorted by priority
2025-05-07 12:28:53 [Information] - Tasks sorted by name
2025-05-07 12:28:54 [Information] - Tasks sorted by priority
2025-05-07 12:28:54 [Information] - Tasks sorted by priority
2025-05-07 12:28:55 [Information] - Tasks sorted by name
2025-05-07 12:28:55 [Information] - Tasks sorted by priority
2025-05-07 12:28:55 [Information] - Tasks sorted by name
2025-05-07 12:28:56 [Information] - Tasks sorted by priority
2025-05-07 12:28:56 [Information] - Tasks sorted by name
2025-05-07 12:28:56 [Information] - Tasks sorted by priority
2025-05-07 12:28:57 [Information] - Tasks sorted by name
2025-05-07 12:28:57 [Information] - Tasks sorted by priority
2025-05-07 12:35:13 [Information] - Tasks sorted by priority
2025-05-07 12:35:14 [Information] - Tasks sorted by name
2025-05-07 12:35:15 [Information] - Tasks sorted by priority
2025-05-07 12:35:15 [Information] - Tasks sorted by name
2025-05-07 12:35:35 [Error] - Error: Task title cannot be empty
2025-05-07 12:35:38 [Error] - Error: Task title cannot be empty
2025-05-07 12:35:41 [Error] - Error: Task title cannot be empty
2025-05-07 13:27:10 [Information] - Application started
2025-05-07 13:27:20 [Information] - Started Work timer
2025-05-07 13:28:25 [Information] - Completed Work period
2025-05-07 13:28:25 [Information] - Started Break timer
2025-05-07 13:29:24 [Information] - Flashcards loaded from file
2025-05-07 13:29:24 [Information] - Selected deck: GardenHerbs
2025-05-07 13:29:30 [Information] - Completed Break period
2025-05-07 13:29:30 [Information] - Cards shuffled
